<?xml version='1.0' encoding='UTF-8'?>
<testsuite hostname="DESKTOP-U6PDVQA" name="WordStatIndexTest" tests="9" errors="0" failures="0" skipped="0" time="809.052" timestamp="2021-06-03T18:42:24">
                     <properties>
[...]
</properties>
                     <testcase classname="WordStatIndexTest" name="Yorick" time="0.104">
                                                 
                                               </testcase><testcase classname="WordStatIndexTest" name="Monday's Child" time="0.006">
                                                 
                                               </testcase><testcase classname="WordStatIndexTest" name="Шалтай-Болтай" time="0.002">
                                                 
                                               </testcase><testcase classname="WordStatIndexTest" name="Repeated" time="0.63">
                                                 
                                               </testcase><testcase classname="WordStatIndexTest" name="random 10, 3, 5 en" time="0.042">
                                                 
                                               </testcase><testcase classname="WordStatIndexTest" name="random 3, 10, 10 symbols" time="0.008">
                                                 
                                               </testcase><testcase classname="WordStatIndexTest" name="random 3, 10, 10 en" time="0.005">
                                                 
                                               </testcase><testcase classname="WordStatIndexTest" name="random 10, 3, 5 ru" time="0.002">
                                                 
                                               </testcase><testcase classname="WordStatIndexTest" name="random 100, 1000, 100 all" time="808.253">
                                                 
                                               </testcase>
                     <system-out><![CDATA[]]></system-out>
                     <system-err><![CDATA[]]></system-err>
                   </testsuite>